<?xml version="1.0" encoding="UTF-8"?>
<!-- Generated by org.testng.reporters.JUnitReportReporter -->
<testsuite hostname="Rahul-Sony" failures="0" tests="1" name="selenium.Introduction" time="8.274" errors="0" timestamp="2022-11-23T23:05:34 IST" skipped="0">
  <testcase classname="selenium.Introduction" name="getdata" time="8.274"/>
  <system-out/>
</testsuite> <!-- selenium.Introduction -->
