<?xml version="1.0" encoding="UTF-8"?>
<!-- Generated by org.testng.reporters.JUnitReportReporter -->
<testsuite hostname="Rahul-Sony" failures="0" tests="1" name="selenium.hhhh" time="16.503" errors="0" timestamp="2022-11-23T22:49:12 IST" skipped="0">
  <testcase classname="selenium.hhhh" name="getdata" time="16.503"/>
  <system-out/>
</testsuite> <!-- selenium.hhhh -->
