<?xml version="1.0" encoding="UTF-8"?>
<!-- Generated by org.testng.reporters.JUnitReportReporter -->
<testsuite hostname="Rahul-Sony" failures="0" tests="2" name="selenium.google" time="16.035" errors="0" timestamp="2022-11-27T11:57:51 IST" skipped="0">
  <testcase classname="selenium.google" name="google" time="10.549"/>
  <system-out/>
  <testcase classname="selenium.google" name="rahul" time="5.486"/>
  <system-out/>
</testsuite> <!-- selenium.google -->
