<?xml version="1.0" encoding="UTF-8"?>
<!-- Generated by org.testng.reporters.JUnitReportReporter -->
<testsuite hostname="Rahul-Sony" failures="0" tests="1" name="selenium.Introduction" time="13.403" errors="0" timestamp="2022-11-26T22:40:57 IST" skipped="0">
  <testcase classname="selenium.Introduction" name="getdata" time="13.403"/>
  <system-out/>
</testsuite> <!-- selenium.Introduction -->
